::1 - - [14/Jun/2024:23:45:28 -0300] "OPTIONS /fatec/api/login.php HTTP/1.1" 200 -
::1 - - [14/Jun/2024:23:45:28 -0300] "POST /fatec/api/login.php HTTP/1.1" 401 42
::1 - - [14/Jun/2024:23:45:29 -0300] "POST /fatec/api/login.php HTTP/1.1" 401 42
::1 - - [14/Jun/2024:23:45:34 -0300] "GET /phpmyadmin/sql.php?server=1&db=db_fatecflix&table=users&pos=0&token=ea084f7f57cf09849f7f121f0b01a8ce&ajax_request=true&ajax_page_request=true&menuHashes=adb39628&_nocache=171841953423916131 HTTP/1.1" 200 308
::1 - - [14/Jun/2024:23:45:34 -0300] "GET /phpmyadmin/themes/dot.gif HTTP/1.1" 304 -
::1 - - [14/Jun/2024:23:45:35 -0300] "GET /phpmyadmin/sql.php?db=db_fatecflix&table=users&server=1&target=&token=ea084f7f57cf09849f7f121f0b01a8ce HTTP/1.1" 200 8273
::1 - - [14/Jun/2024:23:45:35 -0300] "GET /phpmyadmin/themes/pmahomme/jquery/jquery-ui-1.9.2.custom.css HTTP/1.1" 304 -
::1 - - [14/Jun/2024:23:45:35 -0300] "GET /phpmyadmin/themes/pmahomme/img/logo_right.png HTTP/1.1" 304 -
::1 - - [14/Jun/2024:23:45:35 -0300] "GET /phpmyadmin/js/get_scripts.js.php?scripts[]=jquery/jquery-1.8.3.js&scripts[]=ajax.js&scripts[]=keyhandler.js&scripts[]=jquery/jquery-ui-1.9.2.custom.js&scripts[]=jquery/jquery.sprintf.js&scripts[]=jquery/jquery.cookie.js&scripts[]=jquery/jquery.mousewheel.js&scripts[]=jquery/jquery.event.drag-2.2.js&scripts[]=jquery/jquery-ui-timepicker-addon.js&scripts[]=jquery/jquery.ba-hashchange-1.3.js&scripts[]=jquery/jquery.debounce-1.0.5.js&scripts[]=jquery/jquery.menuResizer-1.0.js&scripts[]=rte.js&scripts[]=functions.js&scripts[]=navigation.js&scripts[]=indexes.js&scripts[]=common.js&scripts[]=codemirror/lib/codemirror.js&scripts[]=codemirror/mode/mysql/mysql.js HTTP/1.1" 200 578562
::1 - - [14/Jun/2024:23:45:36 -0300] "GET /phpmyadmin/sql.php?db=db_fatecflix&table=users&server=1&target=&token=ea084f7f57cf09849f7f121f0b01a8ce HTTP/1.1" 200 8273
::1 - - [14/Jun/2024:23:45:36 -0300] "GET /phpmyadmin/themes/pmahomme/img/sprites.png HTTP/1.1" 304 -
::1 - - [14/Jun/2024:23:45:36 -0300] "GET /phpmyadmin/favicon.ico HTTP/1.1" 304 -
::1 - - [14/Jun/2024:23:45:43 -0300] "POST /phpmyadmin/index.php HTTP/1.1" 302 -
::1 - - [14/Jun/2024:23:45:43 -0300] "GET /phpmyadmin/index.php?db=db_fatecflix&table=users&target=sql.php&token=ea084f7f57cf09849f7f121f0b01a8ce HTTP/1.1" 200 38459
::1 - - [14/Jun/2024:23:45:43 -0300] "GET /phpmyadmin/themes/pmahomme/img/logo_left.png HTTP/1.1" 304 -
::1 - - [14/Jun/2024:23:45:43 -0300] "GET /phpmyadmin/js/messages.php?lang=pt_BR&db=db_fatecflix&server=0&token=ea084f7f57cf09849f7f121f0b01a8ce HTTP/1.1" 200 18354
::1 - - [14/Jun/2024:23:45:43 -0300] "GET /phpmyadmin/themes/pmahomme/img/ajax_clock_small.gif HTTP/1.1" 304 -
::1 - - [14/Jun/2024:23:45:43 -0300] "GET /phpmyadmin/themes/pmahomme/img/s_fulltext.png HTTP/1.1" 304 -
::1 - - [14/Jun/2024:23:45:43 -0300] "GET /phpmyadmin/themes/pmahomme/img/arrow_ltr.png HTTP/1.1" 304 -
::1 - - [14/Jun/2024:23:45:43 -0300] "GET /phpmyadmin/themes/pmahomme/img/left_nav_bg.png HTTP/1.1" 304 -
::1 - - [14/Jun/2024:23:45:43 -0300] "GET /phpmyadmin/themes/pmahomme/img/col_pointer.png HTTP/1.1" 304 -
::1 - - [14/Jun/2024:23:45:43 -0300] "GET /phpmyadmin/themes/pmahomme/img/col_drop.png HTTP/1.1" 304 -
::1 - - [14/Jun/2024:23:45:43 -0300] "GET /phpmyadmin/index.php?ajax_request=1&recent_table=1&token=ea084f7f57cf09849f7f121f0b01a8ce HTTP/1.1" 200 221
::1 - - [14/Jun/2024:23:45:46 -0300] "GET /phpmyadmin/navigation.php?ajax_request=1&token=ea084f7f57cf09849f7f121f0b01a8ce&aPath=cm9vdA%3D%3D.ZGJfZmF0ZWNmbGl4&vPath=cm9vdA%3D%3D.ZGJfZmF0ZWNmbGl4&pos=0&pos2_name=&pos2_value=&searchClause=&searchClause2=&_nocache=1718419546325468754 HTTP/1.1" 200 2997
::1 - - [14/Jun/2024:23:45:47 -0300] "GET /phpmyadmin/sql.php?server=1&db=db_fatecflix&table=users&pos=0&token=ea084f7f57cf09849f7f121f0b01a8ce&ajax_request=true&ajax_page_request=true&menuHashes=4cac8310&_nocache=1718419547319959371 HTTP/1.1" 200 32871
::1 - - [14/Jun/2024:23:45:47 -0300] "GET /phpmyadmin/index.php?ajax_request=1&recent_table=1&token=ea084f7f57cf09849f7f121f0b01a8ce HTTP/1.1" 200 221
::1 - - [14/Jun/2024:23:45:57 -0300] "OPTIONS /fatec/api/cadastrar.php HTTP/1.1" 200 421
::1 - - [14/Jun/2024:23:45:57 -0300] "POST /fatec/api/cadastrar.php HTTP/1.1" 200 6
::1 - - [14/Jun/2024:23:45:57 -0300] "OPTIONS /fatec/api/listar.php HTTP/1.1" 200 -
::1 - - [14/Jun/2024:23:45:57 -0300] "OPTIONS /fatec/api/listar.php HTTP/1.1" 200 -
::1 - - [14/Jun/2024:23:45:57 -0300] "GET /fatec/api/listar.php HTTP/1.1" 200 255
::1 - - [14/Jun/2024:23:45:57 -0300] "GET /fatec/api/listar.php HTTP/1.1" 200 255
::1 - - [14/Jun/2024:23:46:00 -0300] "OPTIONS /fatec/api/deletar_usuario.php HTTP/1.1" 200 -
::1 - - [14/Jun/2024:23:46:00 -0300] "DELETE /fatec/api/deletar_usuario.php HTTP/1.1" 200 48
::1 - - [14/Jun/2024:23:47:47 -0300] "OPTIONS /fatec/api/listar.php HTTP/1.1" 200 -
::1 - - [14/Jun/2024:23:47:47 -0300] "GET /fatec/api/listar.php HTTP/1.1" 200 203
::1 - - [14/Jun/2024:23:51:03 -0300] "OPTIONS /fatec/api/listar.php HTTP/1.1" 200 -
::1 - - [14/Jun/2024:23:51:03 -0300] "OPTIONS /fatec/api/listar.php HTTP/1.1" 200 -
::1 - - [14/Jun/2024:23:51:03 -0300] "GET /fatec/api/listar.php HTTP/1.1" 200 203
::1 - - [14/Jun/2024:23:51:03 -0300] "GET /fatec/api/listar.php HTTP/1.1" 200 203
::1 - - [14/Jun/2024:23:51:08 -0300] "OPTIONS /fatec/api/editar_usuario.php HTTP/1.1" 200 -
::1 - - [14/Jun/2024:23:51:08 -0300] "PUT /fatec/api/editar_usuario.php HTTP/1.1" 200 379
::1 - - [14/Jun/2024:23:51:11 -0300] "OPTIONS /fatec/api/listar.php HTTP/1.1" 200 -
::1 - - [14/Jun/2024:23:51:11 -0300] "OPTIONS /fatec/api/listar.php HTTP/1.1" 200 -
::1 - - [14/Jun/2024:23:51:11 -0300] "GET /fatec/api/listar.php HTTP/1.1" 200 203
::1 - - [14/Jun/2024:23:51:11 -0300] "GET /fatec/api/listar.php HTTP/1.1" 200 203
::1 - - [14/Jun/2024:23:51:12 -0300] "GET /fatec/api/listar.php HTTP/1.1" 200 203
::1 - - [14/Jun/2024:23:51:12 -0300] "GET /fatec/api/listar.php HTTP/1.1" 200 203
::1 - - [14/Jun/2024:23:51:30 -0300] "OPTIONS /fatec/api/editar_usuario.php HTTP/1.1" 200 -
::1 - - [14/Jun/2024:23:51:30 -0300] "PUT /fatec/api/editar_usuario.php HTTP/1.1" 200 379
::1 - - [14/Jun/2024:23:52:50 -0300] "OPTIONS /fatec/api/listar.php HTTP/1.1" 200 -
::1 - - [14/Jun/2024:23:52:50 -0300] "OPTIONS /fatec/api/listar.php HTTP/1.1" 200 -
::1 - - [14/Jun/2024:23:52:50 -0300] "GET /fatec/api/listar.php HTTP/1.1" 200 203
::1 - - [14/Jun/2024:23:52:50 -0300] "GET /fatec/api/listar.php HTTP/1.1" 200 203
::1 - - [14/Jun/2024:23:52:57 -0300] "OPTIONS /fatec/api/editar_usuario.php HTTP/1.1" 200 -
::1 - - [14/Jun/2024:23:52:57 -0300] "PUT /fatec/api/editar_usuario.php HTTP/1.1" 200 50
::1 - - [14/Jun/2024:23:53:01 -0300] "OPTIONS /fatec/api/listar.php HTTP/1.1" 200 -
::1 - - [14/Jun/2024:23:53:01 -0300] "GET /fatec/api/listar.php HTTP/1.1" 200 203
::1 - - [14/Jun/2024:23:53:01 -0300] "OPTIONS /fatec/api/listar.php HTTP/1.1" 200 -
::1 - - [14/Jun/2024:23:53:01 -0300] "GET /fatec/api/listar.php HTTP/1.1" 200 203
::1 - - [14/Jun/2024:23:54:26 -0300] "OPTIONS /fatec/api/listar.php HTTP/1.1" 200 -
::1 - - [14/Jun/2024:23:54:26 -0300] "OPTIONS /fatec/api/listar.php HTTP/1.1" 200 -
::1 - - [14/Jun/2024:23:54:26 -0300] "GET /fatec/api/listar.php HTTP/1.1" 200 203
::1 - - [14/Jun/2024:23:54:26 -0300] "GET /fatec/api/listar.php HTTP/1.1" 200 203
::1 - - [14/Jun/2024:23:54:33 -0300] "OPTIONS /fatec/api/editar_usuario.php HTTP/1.1" 200 -
::1 - - [14/Jun/2024:23:54:33 -0300] "PUT /fatec/api/editar_usuario.php HTTP/1.1" 200 50
::1 - - [14/Jun/2024:23:54:35 -0300] "OPTIONS /fatec/api/listar.php HTTP/1.1" 200 -
::1 - - [14/Jun/2024:23:54:35 -0300] "OPTIONS /fatec/api/listar.php HTTP/1.1" 200 -
::1 - - [14/Jun/2024:23:54:35 -0300] "GET /fatec/api/listar.php HTTP/1.1" 200 203
::1 - - [14/Jun/2024:23:54:35 -0300] "GET /fatec/api/listar.php HTTP/1.1" 200 203
::1 - - [14/Jun/2024:23:54:37 -0300] "GET /fatec/api/listar.php HTTP/1.1" 200 203
::1 - - [14/Jun/2024:23:54:37 -0300] "GET /fatec/api/listar.php HTTP/1.1" 200 203
::1 - - [14/Jun/2024:23:54:45 -0300] "OPTIONS /fatec/api/editar_usuario.php HTTP/1.1" 200 -
::1 - - [14/Jun/2024:23:54:45 -0300] "PUT /fatec/api/editar_usuario.php HTTP/1.1" 200 50
::1 - - [14/Jun/2024:23:54:47 -0300] "OPTIONS /fatec/api/listar.php HTTP/1.1" 200 -
::1 - - [14/Jun/2024:23:54:47 -0300] "GET /fatec/api/listar.php HTTP/1.1" 200 203
::1 - - [14/Jun/2024:23:54:47 -0300] "OPTIONS /fatec/api/listar.php HTTP/1.1" 200 -
::1 - - [14/Jun/2024:23:54:47 -0300] "GET /fatec/api/listar.php HTTP/1.1" 200 203
::1 - - [14/Jun/2024:23:55:08 -0300] "OPTIONS /fatec/api/listar.php HTTP/1.1" 200 -
::1 - - [14/Jun/2024:23:55:08 -0300] "GET /fatec/api/listar.php HTTP/1.1" 200 203
::1 - - [14/Jun/2024:23:55:25 -0300] "OPTIONS /fatec/api/listar.php HTTP/1.1" 200 -
::1 - - [14/Jun/2024:23:55:25 -0300] "GET /fatec/api/listar.php HTTP/1.1" 200 203
::1 - - [14/Jun/2024:23:55:27 -0300] "GET /fatec/api/listar.php HTTP/1.1" 200 203
::1 - - [14/Jun/2024:23:56:54 -0300] "OPTIONS /fatec/api/listar.php HTTP/1.1" 200 -
::1 - - [14/Jun/2024:23:56:54 -0300] "GET /fatec/api/listar.php HTTP/1.1" 200 203
::1 - - [14/Jun/2024:23:57:32 -0300] "OPTIONS /fatec/api/listar.php HTTP/1.1" 200 -
::1 - - [14/Jun/2024:23:57:32 -0300] "OPTIONS /fatec/api/listar.php HTTP/1.1" 200 -
::1 - - [14/Jun/2024:23:57:32 -0300] "GET /fatec/api/listar.php HTTP/1.1" 200 203
::1 - - [14/Jun/2024:23:57:32 -0300] "GET /fatec/api/listar.php HTTP/1.1" 200 203
::1 - - [14/Jun/2024:23:57:40 -0300] "OPTIONS /fatec/api/editar_usuario.php HTTP/1.1" 200 -
::1 - - [14/Jun/2024:23:57:40 -0300] "PUT /fatec/api/editar_usuario.php HTTP/1.1" 200 50
::1 - - [14/Jun/2024:23:57:43 -0300] "OPTIONS /fatec/api/listar.php HTTP/1.1" 200 -
::1 - - [14/Jun/2024:23:57:43 -0300] "GET /fatec/api/listar.php HTTP/1.1" 200 203
::1 - - [14/Jun/2024:23:57:43 -0300] "OPTIONS /fatec/api/listar.php HTTP/1.1" 200 -
::1 - - [14/Jun/2024:23:57:43 -0300] "GET /fatec/api/listar.php HTTP/1.1" 200 203
::1 - - [14/Jun/2024:23:57:46 -0300] "OPTIONS /fatec/api/editar_usuario.php HTTP/1.1" 200 -
::1 - - [14/Jun/2024:23:57:46 -0300] "PUT /fatec/api/editar_usuario.php HTTP/1.1" 200 50
::1 - - [14/Jun/2024:23:57:48 -0300] "OPTIONS /fatec/api/listar.php HTTP/1.1" 200 -
::1 - - [14/Jun/2024:23:57:48 -0300] "OPTIONS /fatec/api/listar.php HTTP/1.1" 200 -
::1 - - [14/Jun/2024:23:57:48 -0300] "GET /fatec/api/listar.php HTTP/1.1" 200 203
::1 - - [14/Jun/2024:23:57:48 -0300] "GET /fatec/api/listar.php HTTP/1.1" 200 203
::1 - - [14/Jun/2024:23:59:40 -0300] "OPTIONS /fatec/api/listar.php HTTP/1.1" 200 -
::1 - - [14/Jun/2024:23:59:40 -0300] "GET /fatec/api/listar.php HTTP/1.1" 200 203
::1 - - [14/Jun/2024:23:59:47 -0300] "OPTIONS /fatec/api/listar.php HTTP/1.1" 200 -
::1 - - [14/Jun/2024:23:59:47 -0300] "GET /fatec/api/listar.php HTTP/1.1" 200 203
::1 - - [14/Jun/2024:23:59:57 -0300] "OPTIONS /fatec/api/listar.php HTTP/1.1" 200 -
::1 - - [14/Jun/2024:23:59:57 -0300] "GET /fatec/api/listar.php HTTP/1.1" 200 203
::1 - - [15/Jun/2024:00:00:01 -0300] "GET /fatec/api/listar.php HTTP/1.1" 200 203
::1 - - [15/Jun/2024:00:00:01 -0300] "GET /fatec/api/listar.php HTTP/1.1" 200 203
::1 - - [15/Jun/2024:00:00:05 -0300] "OPTIONS /fatec/api/editar_usuario.php HTTP/1.1" 200 -
::1 - - [15/Jun/2024:00:00:05 -0300] "PUT /fatec/api/editar_usuario.php HTTP/1.1" 200 50
::1 - - [15/Jun/2024:00:00:07 -0300] "OPTIONS /fatec/api/listar.php HTTP/1.1" 200 -
::1 - - [15/Jun/2024:00:00:07 -0300] "GET /fatec/api/listar.php HTTP/1.1" 200 203
::1 - - [15/Jun/2024:00:00:07 -0300] "OPTIONS /fatec/api/listar.php HTTP/1.1" 200 -
::1 - - [15/Jun/2024:00:00:07 -0300] "GET /fatec/api/listar.php HTTP/1.1" 200 203
::1 - - [15/Jun/2024:00:00:11 -0300] "OPTIONS /fatec/api/editar_usuario.php HTTP/1.1" 200 -
::1 - - [15/Jun/2024:00:00:11 -0300] "PUT /fatec/api/editar_usuario.php HTTP/1.1" 200 50
::1 - - [15/Jun/2024:00:00:17 -0300] "OPTIONS /fatec/api/editar_usuario.php HTTP/1.1" 200 -
::1 - - [15/Jun/2024:00:00:17 -0300] "PUT /fatec/api/editar_usuario.php HTTP/1.1" 200 50
::1 - - [15/Jun/2024:00:00:19 -0300] "OPTIONS /fatec/api/listar.php HTTP/1.1" 200 -
::1 - - [15/Jun/2024:00:00:19 -0300] "OPTIONS /fatec/api/listar.php HTTP/1.1" 200 -
::1 - - [15/Jun/2024:00:00:19 -0300] "GET /fatec/api/listar.php HTTP/1.1" 200 203
::1 - - [15/Jun/2024:00:00:19 -0300] "GET /fatec/api/listar.php HTTP/1.1" 200 203
::1 - - [15/Jun/2024:00:01:34 -0300] "OPTIONS /fatec/api/listar.php HTTP/1.1" 200 -
::1 - - [15/Jun/2024:00:01:34 -0300] "GET /fatec/api/listar.php HTTP/1.1" 200 203
::1 - - [15/Jun/2024:00:01:45 -0300] "OPTIONS /fatec/api/listar.php HTTP/1.1" 200 -
::1 - - [15/Jun/2024:00:01:45 -0300] "GET /fatec/api/listar.php HTTP/1.1" 200 203
::1 - - [15/Jun/2024:00:02:01 -0300] "OPTIONS /fatec/api/listar.php HTTP/1.1" 200 -
::1 - - [15/Jun/2024:00:02:01 -0300] "GET /fatec/api/listar.php HTTP/1.1" 200 203
::1 - - [15/Jun/2024:00:02:07 -0300] "OPTIONS /fatec/api/listar.php HTTP/1.1" 200 -
::1 - - [15/Jun/2024:00:02:07 -0300] "GET /fatec/api/listar.php HTTP/1.1" 200 203
::1 - - [15/Jun/2024:00:02:10 -0300] "GET /fatec/api/listar.php HTTP/1.1" 200 203
::1 - - [15/Jun/2024:00:02:10 -0300] "GET /fatec/api/listar.php HTTP/1.1" 200 203
::1 - - [15/Jun/2024:00:02:13 -0300] "OPTIONS /fatec/api/editar_usuario.php HTTP/1.1" 200 -
::1 - - [15/Jun/2024:00:02:13 -0300] "PUT /fatec/api/editar_usuario.php HTTP/1.1" 200 538
::1 - - [15/Jun/2024:00:02:26 -0300] "OPTIONS /fatec/api/listar.php HTTP/1.1" 200 -
::1 - - [15/Jun/2024:00:02:26 -0300] "OPTIONS /fatec/api/listar.php HTTP/1.1" 200 -
::1 - - [15/Jun/2024:00:02:26 -0300] "GET /fatec/api/listar.php HTTP/1.1" 200 203
::1 - - [15/Jun/2024:00:02:26 -0300] "GET /fatec/api/listar.php HTTP/1.1" 200 203
::1 - - [15/Jun/2024:00:02:34 -0300] "OPTIONS /fatec/api/editar_usuario.php HTTP/1.1" 200 -
::1 - - [15/Jun/2024:00:02:34 -0300] "PUT /fatec/api/editar_usuario.php HTTP/1.1" 200 538
::1 - - [15/Jun/2024:00:03:08 -0300] "OPTIONS /fatec/api/listar.php HTTP/1.1" 200 -
::1 - - [15/Jun/2024:00:03:08 -0300] "GET /fatec/api/listar.php HTTP/1.1" 200 203
::1 - - [15/Jun/2024:00:04:27 -0300] "OPTIONS /fatec/api/listar.php HTTP/1.1" 200 -
::1 - - [15/Jun/2024:00:04:27 -0300] "GET /fatec/api/listar.php HTTP/1.1" 200 203
::1 - - [15/Jun/2024:00:04:30 -0300] "GET /fatec/api/listar.php HTTP/1.1" 200 203
::1 - - [15/Jun/2024:00:04:30 -0300] "GET /fatec/api/listar.php HTTP/1.1" 200 203
::1 - - [15/Jun/2024:00:04:56 -0300] "OPTIONS /fatec/api/listar.php HTTP/1.1" 200 -
::1 - - [15/Jun/2024:00:04:56 -0300] "GET /fatec/api/listar.php HTTP/1.1" 200 203
::1 - - [15/Jun/2024:00:04:58 -0300] "GET /fatec/api/listar.php HTTP/1.1" 200 203
::1 - - [15/Jun/2024:00:04:58 -0300] "GET /fatec/api/listar.php HTTP/1.1" 200 203
::1 - - [15/Jun/2024:00:05:03 -0300] "OPTIONS /fatec/api/editar_usuario.php HTTP/1.1" 200 -
::1 - - [15/Jun/2024:00:05:03 -0300] "PUT /fatec/api/editar_usuario.php HTTP/1.1" 200 50
::1 - - [15/Jun/2024:00:05:30 -0300] "OPTIONS /fatec/api/listar.php HTTP/1.1" 200 -
::1 - - [15/Jun/2024:00:05:30 -0300] "GET /fatec/api/listar.php HTTP/1.1" 200 203
::1 - - [15/Jun/2024:00:05:33 -0300] "GET /fatec/api/listar.php HTTP/1.1" 200 203
::1 - - [15/Jun/2024:00:05:33 -0300] "GET /fatec/api/listar.php HTTP/1.1" 200 203
::1 - - [15/Jun/2024:00:05:58 -0300] "OPTIONS /fatec/api/editar_usuario.php HTTP/1.1" 200 -
::1 - - [15/Jun/2024:00:05:58 -0300] "PUT /fatec/api/editar_usuario.php HTTP/1.1" 200 50
::1 - - [15/Jun/2024:00:06:10 -0300] "OPTIONS /fatec/api/listar.php HTTP/1.1" 200 -
::1 - - [15/Jun/2024:00:06:10 -0300] "GET /fatec/api/listar.php HTTP/1.1" 200 203
::1 - - [15/Jun/2024:00:07:11 -0300] "OPTIONS /fatec/api/editar_usuario.php HTTP/1.1" 200 -
::1 - - [15/Jun/2024:00:07:11 -0300] "PUT /fatec/api/editar_usuario.php HTTP/1.1" 200 50
::1 - - [15/Jun/2024:00:07:17 -0300] "GET /phpmyadmin/sql.php?server=1&db=db_fatecflix&table=users&pos=0&token=ea084f7f57cf09849f7f121f0b01a8ce&ajax_request=true&ajax_page_request=true&menuHashes=4cac8310-adb39628&_nocache=1718420837106273910 HTTP/1.1" 200 29735
::1 - - [15/Jun/2024:00:07:17 -0300] "GET /phpmyadmin/themes/dot.gif HTTP/1.1" 304 -
::1 - - [15/Jun/2024:00:07:17 -0300] "GET /phpmyadmin/themes/pmahomme/img/s_fulltext.png HTTP/1.1" 304 -
::1 - - [15/Jun/2024:00:07:17 -0300] "GET /phpmyadmin/themes/pmahomme/img/arrow_ltr.png HTTP/1.1" 304 -
::1 - - [15/Jun/2024:00:07:17 -0300] "GET /phpmyadmin/index.php?ajax_request=1&recent_table=1&token=ea084f7f57cf09849f7f121f0b01a8ce HTTP/1.1" 200 221
::1 - - [15/Jun/2024:00:07:41 -0300] "OPTIONS /fatec/api/editar_usuario.php HTTP/1.1" 200 -
::1 - - [15/Jun/2024:00:07:41 -0300] "PUT /fatec/api/editar_usuario.php HTTP/1.1" 200 50
::1 - - [15/Jun/2024:00:07:43 -0300] "OPTIONS /fatec/api/listar.php HTTP/1.1" 200 -
::1 - - [15/Jun/2024:00:07:43 -0300] "GET /fatec/api/listar.php HTTP/1.1" 200 203
::1 - - [15/Jun/2024:00:07:43 -0300] "OPTIONS /fatec/api/listar.php HTTP/1.1" 200 -
::1 - - [15/Jun/2024:00:07:43 -0300] "GET /fatec/api/listar.php HTTP/1.1" 200 203
::1 - - [15/Jun/2024:00:07:45 -0300] "GET /fatec/api/listar.php HTTP/1.1" 200 203
::1 - - [15/Jun/2024:00:07:45 -0300] "GET /fatec/api/listar.php HTTP/1.1" 200 203
::1 - - [15/Jun/2024:00:08:14 -0300] "OPTIONS /fatec/api/editar_usuario.php HTTP/1.1" 200 -
::1 - - [15/Jun/2024:00:08:14 -0300] "PUT /fatec/api/editar_usuario.php HTTP/1.1" 200 50
::1 - - [15/Jun/2024:00:08:16 -0300] "OPTIONS /fatec/api/listar.php HTTP/1.1" 200 -
::1 - - [15/Jun/2024:00:08:16 -0300] "GET /fatec/api/listar.php HTTP/1.1" 200 203
::1 - - [15/Jun/2024:00:08:16 -0300] "OPTIONS /fatec/api/listar.php HTTP/1.1" 200 -
::1 - - [15/Jun/2024:00:08:16 -0300] "GET /fatec/api/listar.php HTTP/1.1" 200 203
::1 - - [15/Jun/2024:00:08:21 -0300] "GET /fatec/api/listar.php HTTP/1.1" 200 203
::1 - - [15/Jun/2024:00:08:21 -0300] "GET /fatec/api/listar.php HTTP/1.1" 200 203
::1 - - [15/Jun/2024:00:08:25 -0300] "OPTIONS /fatec/api/editar_usuario.php HTTP/1.1" 200 -
::1 - - [15/Jun/2024:00:08:25 -0300] "PUT /fatec/api/editar_usuario.php HTTP/1.1" 200 50
::1 - - [15/Jun/2024:00:08:26 -0300] "OPTIONS /fatec/api/listar.php HTTP/1.1" 200 -
::1 - - [15/Jun/2024:00:08:26 -0300] "OPTIONS /fatec/api/listar.php HTTP/1.1" 200 -
::1 - - [15/Jun/2024:00:08:26 -0300] "GET /fatec/api/listar.php HTTP/1.1" 200 203
::1 - - [15/Jun/2024:00:08:26 -0300] "GET /fatec/api/listar.php HTTP/1.1" 200 203
::1 - - [15/Jun/2024:00:08:52 -0300] "OPTIONS /fatec/api/editar_usuario.php HTTP/1.1" 200 -
::1 - - [15/Jun/2024:00:08:52 -0300] "PUT /fatec/api/editar_usuario.php HTTP/1.1" 200 50
::1 - - [15/Jun/2024:00:09:53 -0300] "OPTIONS /fatec/api/listar.php HTTP/1.1" 200 -
::1 - - [15/Jun/2024:00:09:53 -0300] "GET /fatec/api/listar.php HTTP/1.1" 200 203
::1 - - [15/Jun/2024:00:10:59 -0300] "OPTIONS /fatec/api/listar.php HTTP/1.1" 200 -
::1 - - [15/Jun/2024:00:10:59 -0300] "GET /fatec/api/listar.php HTTP/1.1" 200 203
::1 - - [15/Jun/2024:00:11:02 -0300] "GET /fatec/api/listar.php HTTP/1.1" 200 203
::1 - - [15/Jun/2024:00:11:02 -0300] "GET /fatec/api/listar.php HTTP/1.1" 200 203
::1 - - [15/Jun/2024:00:11:03 -0300] "GET /fatec/api/listar.php HTTP/1.1" 200 203
::1 - - [15/Jun/2024:00:11:03 -0300] "GET /fatec/api/listar.php HTTP/1.1" 200 203
::1 - - [15/Jun/2024:00:11:14 -0300] "OPTIONS /fatec/api/editar_usuario.php HTTP/1.1" 200 -
::1 - - [15/Jun/2024:00:11:14 -0300] "PUT /fatec/api/editar_usuario.php HTTP/1.1" 200 365
::1 - - [15/Jun/2024:00:11:30 -0300] "OPTIONS /fatec/api/listar.php HTTP/1.1" 200 -
::1 - - [15/Jun/2024:00:11:30 -0300] "GET /fatec/api/listar.php HTTP/1.1" 200 203
::1 - - [15/Jun/2024:00:11:45 -0300] "OPTIONS /fatec/api/listar.php HTTP/1.1" 200 -
::1 - - [15/Jun/2024:00:11:45 -0300] "GET /fatec/api/listar.php HTTP/1.1" 200 203
::1 - - [15/Jun/2024:00:11:48 -0300] "GET /fatec/api/listar.php HTTP/1.1" 200 203
::1 - - [15/Jun/2024:00:11:48 -0300] "GET /fatec/api/listar.php HTTP/1.1" 200 203
::1 - - [15/Jun/2024:00:11:54 -0300] "OPTIONS /fatec/api/editar_usuario.php HTTP/1.1" 200 -
::1 - - [15/Jun/2024:00:11:54 -0300] "PUT /fatec/api/editar_usuario.php HTTP/1.1" 200 365
::1 - - [15/Jun/2024:00:11:58 -0300] "OPTIONS /fatec/api/listar.php HTTP/1.1" 200 -
::1 - - [15/Jun/2024:00:11:58 -0300] "GET /fatec/api/listar.php HTTP/1.1" 200 203
::1 - - [15/Jun/2024:00:11:58 -0300] "OPTIONS /fatec/api/listar.php HTTP/1.1" 200 -
::1 - - [15/Jun/2024:00:11:58 -0300] "GET /fatec/api/listar.php HTTP/1.1" 200 203
::1 - - [15/Jun/2024:00:12:09 -0300] "OPTIONS /fatec/api/listar.php HTTP/1.1" 200 -
::1 - - [15/Jun/2024:00:12:09 -0300] "GET /fatec/api/listar.php HTTP/1.1" 200 203
::1 - - [15/Jun/2024:00:12:38 -0300] "OPTIONS /fatec/api/listar.php HTTP/1.1" 200 -
::1 - - [15/Jun/2024:00:12:38 -0300] "OPTIONS /fatec/api/listar.php HTTP/1.1" 200 -
::1 - - [15/Jun/2024:00:12:38 -0300] "GET /fatec/api/listar.php HTTP/1.1" 200 203
::1 - - [15/Jun/2024:00:12:38 -0300] "GET /fatec/api/listar.php HTTP/1.1" 200 203
::1 - - [15/Jun/2024:00:12:43 -0300] "OPTIONS /fatec/api/editar_usuario.php HTTP/1.1" 200 -
::1 - - [15/Jun/2024:00:12:43 -0300] "PUT /fatec/api/editar_usuario.php HTTP/1.1" 200 50
::1 - - [15/Jun/2024:00:12:48 -0300] "PUT /fatec/api/editar_usuario.php HTTP/1.1" 200 50
::1 - - [15/Jun/2024:00:13:02 -0300] "GET /phpmyadmin/index.php?db=db_fatecflix&table=users&target=sql.php&token=ea084f7f57cf09849f7f121f0b01a8ce HTTP/1.1" 200 38454
::1 - - [15/Jun/2024:00:13:02 -0300] "GET /phpmyadmin/themes/pmahomme/jquery/jquery-ui-1.9.2.custom.css HTTP/1.1" 304 -
::1 - - [15/Jun/2024:00:13:02 -0300] "GET /phpmyadmin/themes/pmahomme/img/logo_left.png HTTP/1.1" 304 -
::1 - - [15/Jun/2024:00:13:02 -0300] "GET /phpmyadmin/js/get_scripts.js.php?scripts[]=jquery/jquery-1.8.3.js&scripts[]=ajax.js&scripts[]=keyhandler.js&scripts[]=jquery/jquery-ui-1.9.2.custom.js&scripts[]=jquery/jquery.sprintf.js&scripts[]=jquery/jquery.cookie.js&scripts[]=jquery/jquery.mousewheel.js&scripts[]=jquery/jquery.event.drag-2.2.js&scripts[]=jquery/jquery-ui-timepicker-addon.js&scripts[]=jquery/jquery.ba-hashchange-1.3.js&scripts[]=jquery/jquery.debounce-1.0.5.js&scripts[]=jquery/jquery.menuResizer-1.0.js&scripts[]=rte.js&scripts[]=functions.js&scripts[]=navigation.js&scripts[]=indexes.js&scripts[]=common.js&scripts[]=tbl_change.js&scripts[]=tbl_structure.js&scripts[]=gis_data_editor.js&scripts[]=makegrid.js&scripts[]=sql.js&scripts[]=codemirror/lib/codemirror.js&scripts[]=codemirror/mode/mysql/mysql.js HTTP/1.1" 200 635864
::1 - - [15/Jun/2024:00:13:02 -0300] "GET /phpmyadmin/js/get_image.js.php?theme=pmahomme HTTP/1.1" 200 6263
::1 - - [15/Jun/2024:00:13:02 -0300] "GET /phpmyadmin/phpmyadmin.css.php?server=1&token=ea084f7f57cf09849f7f121f0b01a8ce&nocache=6873630313ltr HTTP/1.1" 200 88608
::1 - - [15/Jun/2024:00:13:02 -0300] "GET /phpmyadmin/themes/pmahomme/img/ajax_clock_small.gif HTTP/1.1" 304 -
::1 - - [15/Jun/2024:00:13:02 -0300] "GET /phpmyadmin/sql.php?db=db_fatecflix&table=users&server=1&target=&token=ea084f7f57cf09849f7f121f0b01a8ce HTTP/1.1" 200 38422
::1 - - [15/Jun/2024:00:13:02 -0300] "GET /phpmyadmin/themes/pmahomme/img/sprites.png HTTP/1.1" 304 -
::1 - - [15/Jun/2024:00:13:02 -0300] "GET /phpmyadmin/themes/pmahomme/img/left_nav_bg.png HTTP/1.1" 304 -
::1 - - [15/Jun/2024:00:13:02 -0300] "GET /phpmyadmin/themes/pmahomme/img/col_pointer.png HTTP/1.1" 304 -
::1 - - [15/Jun/2024:00:13:02 -0300] "GET /phpmyadmin/themes/pmahomme/img/col_drop.png HTTP/1.1" 304 -
::1 - - [15/Jun/2024:00:13:02 -0300] "GET /phpmyadmin/favicon.ico HTTP/1.1" 304 -
::1 - - [15/Jun/2024:00:13:02 -0300] "GET /phpmyadmin/index.php?ajax_request=1&recent_table=1&token=ea084f7f57cf09849f7f121f0b01a8ce HTTP/1.1" 200 221
::1 - - [15/Jun/2024:00:13:06 -0300] "GET /phpmyadmin/tbl_sql.php?db=db_fatecflix&table=users&token=ea084f7f57cf09849f7f121f0b01a8ce&ajax_request=true&ajax_page_request=true&menuHashes=adb39628&_nocache=1718421186260983935 HTTP/1.1" 200 8642
::1 - - [15/Jun/2024:00:13:06 -0300] "GET /phpmyadmin/index.php?ajax_request=1&recent_table=1&token=ea084f7f57cf09849f7f121f0b01a8ce HTTP/1.1" 200 221
::1 - - [15/Jun/2024:00:14:48 -0300] "POST /phpmyadmin/import.php HTTP/1.1" 200 3486
::1 - - [15/Jun/2024:00:14:51 -0300] "OPTIONS /fatec/api/listar.php HTTP/1.1" 200 -
::1 - - [15/Jun/2024:00:14:51 -0300] "OPTIONS /fatec/api/listar.php HTTP/1.1" 200 -
::1 - - [15/Jun/2024:00:14:51 -0300] "GET /fatec/api/listar.php HTTP/1.1" 200 203
::1 - - [15/Jun/2024:00:14:51 -0300] "GET /fatec/api/listar.php HTTP/1.1" 200 203
