2024-05-23 15:47:43 15872 [Note] Plugin 'FEDERATED' is disabled.
2024-05-23 15:47:43 15872 [Note] InnoDB: The InnoDB memory heap is disabled
2024-05-23 15:47:43 15872 [Note] InnoDB: Mutexes and rw_locks use Windows interlocked functions
2024-05-23 15:47:43 15872 [Note] InnoDB: Compressed tables use zlib 1.2.3
2024-05-23 15:47:43 15872 [Note] InnoDB: Not using CPU crc32 instructions
2024-05-23 15:47:43 15872 [Note] InnoDB: Initializing buffer pool, size = 128.0M
2024-05-23 15:47:43 15872 [Note] InnoDB: Completed initialization of buffer pool
2024-05-23 15:47:44 15872 [Note] InnoDB: Highest supported file format is Barracuda.
2024-05-23 15:47:44 15872 [Note] InnoDB: The log sequence numbers 1626134 and 1626134 in ibdata files do not match the log sequence number 2225441 in the ib_logfiles!
2024-05-23 15:47:44 15872 [Note] InnoDB: Database was not shutdown normally!
2024-05-23 15:47:44 15872 [Note] InnoDB: Starting crash recovery.
2024-05-23 15:47:44 15872 [Note] InnoDB: Reading tablespace information from the .ibd files...
2024-05-23 15:47:44 15872 [Note] InnoDB: Restoring possible half-written data pages 
2024-05-23 15:47:44 15872 [Note] InnoDB: from the doublewrite buffer...
2024-05-23 15:47:45 15872 [ERROR] InnoDB: Table aula1/alunos in the InnoDB data dictionary has tablespace id 10, but tablespace with that id or name does not exist. Have you deleted or moved .ibd files? This may also be a table created with CREATE TEMPORARY TABLE whose .ibd and .frm files MySQL automatically removed, but the table still exists in the InnoDB internal data dictionary.
InnoDB: Please refer to
InnoDB: http://dev.mysql.com/doc/refman/5.6/en/innodb-troubleshooting-datadict.html
InnoDB: for how to resolve the issue.
2024-05-23 15:47:45 15872 [ERROR] InnoDB: Table cadastro_2dsm/tb_cadastro in the InnoDB data dictionary has tablespace id 20, but tablespace with that id or name does not exist. Have you deleted or moved .ibd files? This may also be a table created with CREATE TEMPORARY TABLE whose .ibd and .frm files MySQL automatically removed, but the table still exists in the InnoDB internal data dictionary.
InnoDB: Please refer to
InnoDB: http://dev.mysql.com/doc/refman/5.6/en/innodb-troubleshooting-datadict.html
InnoDB: for how to resolve the issue.
2024-05-23 15:47:45 15872 [ERROR] InnoDB: Table cadastro_adsva4/tb_cadastro in the InnoDB data dictionary has tablespace id 17, but tablespace with that id or name does not exist. Have you deleted or moved .ibd files? This may also be a table created with CREATE TEMPORARY TABLE whose .ibd and .frm files MySQL automatically removed, but the table still exists in the InnoDB internal data dictionary.
InnoDB: Please refer to
InnoDB: http://dev.mysql.com/doc/refman/5.6/en/innodb-troubleshooting-datadict.html
InnoDB: for how to resolve the issue.
2024-05-23 15:47:45 15872 [ERROR] InnoDB: Table cadastro_dsm/tb_login in the InnoDB data dictionary has tablespace id 19, but tablespace with that id or name does not exist. Have you deleted or moved .ibd files? This may also be a table created with CREATE TEMPORARY TABLE whose .ibd and .frm files MySQL automatically removed, but the table still exists in the InnoDB internal data dictionary.
InnoDB: Please refer to
InnoDB: http://dev.mysql.com/doc/refman/5.6/en/innodb-troubleshooting-datadict.html
InnoDB: for how to resolve the issue.
2024-05-23 15:47:45 15872 [ERROR] InnoDB: Table cliente/fornecedor in the InnoDB data dictionary has tablespace id 8, but tablespace with that id or name does not exist. Have you deleted or moved .ibd files? This may also be a table created with CREATE TEMPORARY TABLE whose .ibd and .frm files MySQL automatically removed, but the table still exists in the InnoDB internal data dictionary.
InnoDB: Please refer to
InnoDB: http://dev.mysql.com/doc/refman/5.6/en/innodb-troubleshooting-datadict.html
InnoDB: for how to resolve the issue.
2024-05-23 15:47:45 15872 [ERROR] InnoDB: Table cliente/funcionario in the InnoDB data dictionary has tablespace id 13, but tablespace with that id or name does not exist. Have you deleted or moved .ibd files? This may also be a table created with CREATE TEMPORARY TABLE whose .ibd and .frm files MySQL automatically removed, but the table still exists in the InnoDB internal data dictionary.
InnoDB: Please refer to
InnoDB: http://dev.mysql.com/doc/refman/5.6/en/innodb-troubleshooting-datadict.html
InnoDB: for how to resolve the issue.
2024-05-23 15:47:45 15872 [ERROR] InnoDB: Table cliente/produto in the InnoDB data dictionary has tablespace id 12, but tablespace with that id or name does not exist. Have you deleted or moved .ibd files? This may also be a table created with CREATE TEMPORARY TABLE whose .ibd and .frm files MySQL automatically removed, but the table still exists in the InnoDB internal data dictionary.
InnoDB: Please refer to
InnoDB: http://dev.mysql.com/doc/refman/5.6/en/innodb-troubleshooting-datadict.html
InnoDB: for how to resolve the issue.
2024-05-23 15:47:45 15872 [ERROR] InnoDB: Table cliente/vendas in the InnoDB data dictionary has tablespace id 11, but tablespace with that id or name does not exist. Have you deleted or moved .ibd files? This may also be a table created with CREATE TEMPORARY TABLE whose .ibd and .frm files MySQL automatically removed, but the table still exists in the InnoDB internal data dictionary.
InnoDB: Please refer to
InnoDB: http://dev.mysql.com/doc/refman/5.6/en/innodb-troubleshooting-datadict.html
InnoDB: for how to resolve the issue.
2024-05-23 15:47:45 15872 [ERROR] InnoDB: Table cliente1/alunos in the InnoDB data dictionary has tablespace id 14, but tablespace with that id or name does not exist. Have you deleted or moved .ibd files? This may also be a table created with CREATE TEMPORARY TABLE whose .ibd and .frm files MySQL automatically removed, but the table still exists in the InnoDB internal data dictionary.
InnoDB: Please refer to
InnoDB: http://dev.mysql.com/doc/refman/5.6/en/innodb-troubleshooting-datadict.html
InnoDB: for how to resolve the issue.
2024-05-23 15:47:45 15872 [ERROR] InnoDB: Table dsm_cadastro/tb_cadastro in the InnoDB data dictionary has tablespace id 21, but tablespace with that id or name does not exist. Have you deleted or moved .ibd files? This may also be a table created with CREATE TEMPORARY TABLE whose .ibd and .frm files MySQL automatically removed, but the table still exists in the InnoDB internal data dictionary.
InnoDB: Please refer to
InnoDB: http://dev.mysql.com/doc/refman/5.6/en/innodb-troubleshooting-datadict.html
InnoDB: for how to resolve the issue.
2024-05-23 15:47:45 15872 [ERROR] InnoDB: Table escola/alunos in the InnoDB data dictionary has tablespace id 15, but tablespace with that id or name does not exist. Have you deleted or moved .ibd files? This may also be a table created with CREATE TEMPORARY TABLE whose .ibd and .frm files MySQL automatically removed, but the table still exists in the InnoDB internal data dictionary.
InnoDB: Please refer to
InnoDB: http://dev.mysql.com/doc/refman/5.6/en/innodb-troubleshooting-datadict.html
InnoDB: for how to resolve the issue.
2024-05-23 15:47:45 15872 [ERROR] InnoDB: Table escola/funcionarios in the InnoDB data dictionary has tablespace id 16, but tablespace with that id or name does not exist. Have you deleted or moved .ibd files? This may also be a table created with CREATE TEMPORARY TABLE whose .ibd and .frm files MySQL automatically removed, but the table still exists in the InnoDB internal data dictionary.
InnoDB: Please refer to
InnoDB: http://dev.mysql.com/doc/refman/5.6/en/innodb-troubleshooting-datadict.html
InnoDB: for how to resolve the issue.
2024-05-23 15:47:45 15872 [ERROR] InnoDB: Table folha_pagto/tb_funcionarios in the InnoDB data dictionary has tablespace id 30, but tablespace with that id or name does not exist. Have you deleted or moved .ibd files? This may also be a table created with CREATE TEMPORARY TABLE whose .ibd and .frm files MySQL automatically removed, but the table still exists in the InnoDB internal data dictionary.
InnoDB: Please refer to
InnoDB: http://dev.mysql.com/doc/refman/5.6/en/innodb-troubleshooting-datadict.html
InnoDB: for how to resolve the issue.
2024-05-23 15:47:45 15872 [ERROR] InnoDB: Table israel/tb_israel in the InnoDB data dictionary has tablespace id 22, but tablespace with that id or name does not exist. Have you deleted or moved .ibd files? This may also be a table created with CREATE TEMPORARY TABLE whose .ibd and .frm files MySQL automatically removed, but the table still exists in the InnoDB internal data dictionary.
InnoDB: Please refer to
InnoDB: http://dev.mysql.com/doc/refman/5.6/en/innodb-troubleshooting-datadict.html
InnoDB: for how to resolve the issue.
2024-05-23 15:47:45 15872 [Note] InnoDB: 128 rollback segment(s) are active.
2024-05-23 15:47:45 15872 [Note] InnoDB: Waiting for purge to start
2024-05-23 15:47:45 15872 [ERROR] InnoDB: Failed to find tablespace for table '"folha_pagto"."tb_funcionarios"' in the cache. Attempting to load the tablespace with space id 30.
2024-05-23 15:47:45 2cd8  InnoDB: Operating system error number 3 in a file operation.
InnoDB: The error means the system cannot find the path specified.
2024-05-23 15:47:45 15872 [ERROR] InnoDB: Could not find a valid tablespace file for 'folha_pagto/tb_funcionarios'. See http://dev.mysql.com/doc/refman/5.6/en/innodb-troubleshooting-datadict.html for how to resolve the issue.
2024-05-23 15:47:45 15872 [ERROR] InnoDB: Failed to find tablespace for table '"cadastro_dsm"."tb_login"' in the cache. Attempting to load the tablespace with space id 19.
2024-05-23 15:47:45 2cd8  InnoDB: Operating system error number 3 in a file operation.
InnoDB: The error means the system cannot find the path specified.
2024-05-23 15:47:45 15872 [ERROR] InnoDB: Could not find a valid tablespace file for 'cadastro_dsm/tb_login'. See http://dev.mysql.com/doc/refman/5.6/en/innodb-troubleshooting-datadict.html for how to resolve the issue.
2024-05-23 15:47:45 15872 [ERROR] InnoDB: Failed to find tablespace for table '"cadastro_adsva4"."tb_cadastro"' in the cache. Attempting to load the tablespace with space id 17.
2024-05-23 15:47:45 2cd8  InnoDB: Operating system error number 3 in a file operation.
InnoDB: The error means the system cannot find the path specified.
2024-05-23 15:47:45 15872 [ERROR] InnoDB: Could not find a valid tablespace file for 'cadastro_adsva4/tb_cadastro'. See http://dev.mysql.com/doc/refman/5.6/en/innodb-troubleshooting-datadict.html for how to resolve the issue.
2024-05-23 15:47:45 15872 [Note] InnoDB: 5.6.13 started; log sequence number 2225441
2024-05-23 15:47:45 15872 [Note] Server hostname (bind-address): '*'; port: 3307
2024-05-23 15:47:45 15872 [Note] IPv6 is available.
2024-05-23 15:47:45 15872 [Note]   - '::' resolves to '::';
2024-05-23 15:47:45 15872 [Note] Server socket created on IP: '::'.
2024-05-23 23:17:25 2552 [Note] Plugin 'FEDERATED' is disabled.
2024-05-23 23:17:25 2552 [Note] InnoDB: The InnoDB memory heap is disabled
2024-05-23 23:17:25 2552 [Note] InnoDB: Mutexes and rw_locks use Windows interlocked functions
2024-05-23 23:17:25 2552 [Note] InnoDB: Compressed tables use zlib 1.2.3
2024-05-23 23:17:25 2552 [Note] InnoDB: Not using CPU crc32 instructions
2024-05-23 23:17:25 2552 [Note] InnoDB: Initializing buffer pool, size = 128.0M
2024-05-23 23:17:25 2552 [Note] InnoDB: Completed initialization of buffer pool
2024-05-23 23:17:26 2552 [Note] InnoDB: Highest supported file format is Barracuda.
2024-05-23 23:17:26 2552 [Note] InnoDB: The log sequence numbers 1626134 and 1626134 in ibdata files do not match the log sequence number 2229736 in the ib_logfiles!
2024-05-23 23:17:26 2552 [Note] InnoDB: Database was not shutdown normally!
2024-05-23 23:17:26 2552 [Note] InnoDB: Starting crash recovery.
2024-05-23 23:17:26 2552 [Note] InnoDB: Reading tablespace information from the .ibd files...
2024-05-23 23:17:26 2552 [Note] InnoDB: Restoring possible half-written data pages 
2024-05-23 23:17:26 2552 [Note] InnoDB: from the doublewrite buffer...
2024-05-23 23:17:27 2552 [ERROR] InnoDB: Table aula1/alunos in the InnoDB data dictionary has tablespace id 10, but tablespace with that id or name does not exist. Have you deleted or moved .ibd files? This may also be a table created with CREATE TEMPORARY TABLE whose .ibd and .frm files MySQL automatically removed, but the table still exists in the InnoDB internal data dictionary.
InnoDB: Please refer to
InnoDB: http://dev.mysql.com/doc/refman/5.6/en/innodb-troubleshooting-datadict.html
InnoDB: for how to resolve the issue.
2024-05-23 23:17:27 2552 [ERROR] InnoDB: Table cadastro_2dsm/tb_cadastro in the InnoDB data dictionary has tablespace id 20, but tablespace with that id or name does not exist. Have you deleted or moved .ibd files? This may also be a table created with CREATE TEMPORARY TABLE whose .ibd and .frm files MySQL automatically removed, but the table still exists in the InnoDB internal data dictionary.
InnoDB: Please refer to
InnoDB: http://dev.mysql.com/doc/refman/5.6/en/innodb-troubleshooting-datadict.html
InnoDB: for how to resolve the issue.
2024-05-23 23:17:27 2552 [ERROR] InnoDB: Table cadastro_adsva4/tb_cadastro in the InnoDB data dictionary has tablespace id 17, but tablespace with that id or name does not exist. Have you deleted or moved .ibd files? This may also be a table created with CREATE TEMPORARY TABLE whose .ibd and .frm files MySQL automatically removed, but the table still exists in the InnoDB internal data dictionary.
InnoDB: Please refer to
InnoDB: http://dev.mysql.com/doc/refman/5.6/en/innodb-troubleshooting-datadict.html
InnoDB: for how to resolve the issue.
2024-05-23 23:17:27 2552 [ERROR] InnoDB: Table cadastro_dsm/tb_login in the InnoDB data dictionary has tablespace id 19, but tablespace with that id or name does not exist. Have you deleted or moved .ibd files? This may also be a table created with CREATE TEMPORARY TABLE whose .ibd and .frm files MySQL automatically removed, but the table still exists in the InnoDB internal data dictionary.
InnoDB: Please refer to
InnoDB: http://dev.mysql.com/doc/refman/5.6/en/innodb-troubleshooting-datadict.html
InnoDB: for how to resolve the issue.
2024-05-23 23:17:27 2552 [ERROR] InnoDB: Table cliente/fornecedor in the InnoDB data dictionary has tablespace id 8, but tablespace with that id or name does not exist. Have you deleted or moved .ibd files? This may also be a table created with CREATE TEMPORARY TABLE whose .ibd and .frm files MySQL automatically removed, but the table still exists in the InnoDB internal data dictionary.
InnoDB: Please refer to
InnoDB: http://dev.mysql.com/doc/refman/5.6/en/innodb-troubleshooting-datadict.html
InnoDB: for how to resolve the issue.
2024-05-23 23:17:27 2552 [ERROR] InnoDB: Table cliente/funcionario in the InnoDB data dictionary has tablespace id 13, but tablespace with that id or name does not exist. Have you deleted or moved .ibd files? This may also be a table created with CREATE TEMPORARY TABLE whose .ibd and .frm files MySQL automatically removed, but the table still exists in the InnoDB internal data dictionary.
InnoDB: Please refer to
InnoDB: http://dev.mysql.com/doc/refman/5.6/en/innodb-troubleshooting-datadict.html
InnoDB: for how to resolve the issue.
2024-05-23 23:17:27 2552 [ERROR] InnoDB: Table cliente/produto in the InnoDB data dictionary has tablespace id 12, but tablespace with that id or name does not exist. Have you deleted or moved .ibd files? This may also be a table created with CREATE TEMPORARY TABLE whose .ibd and .frm files MySQL automatically removed, but the table still exists in the InnoDB internal data dictionary.
InnoDB: Please refer to
InnoDB: http://dev.mysql.com/doc/refman/5.6/en/innodb-troubleshooting-datadict.html
InnoDB: for how to resolve the issue.
2024-05-23 23:17:27 2552 [ERROR] InnoDB: Table cliente/vendas in the InnoDB data dictionary has tablespace id 11, but tablespace with that id or name does not exist. Have you deleted or moved .ibd files? This may also be a table created with CREATE TEMPORARY TABLE whose .ibd and .frm files MySQL automatically removed, but the table still exists in the InnoDB internal data dictionary.
InnoDB: Please refer to
InnoDB: http://dev.mysql.com/doc/refman/5.6/en/innodb-troubleshooting-datadict.html
InnoDB: for how to resolve the issue.
2024-05-23 23:17:27 2552 [ERROR] InnoDB: Table cliente1/alunos in the InnoDB data dictionary has tablespace id 14, but tablespace with that id or name does not exist. Have you deleted or moved .ibd files? This may also be a table created with CREATE TEMPORARY TABLE whose .ibd and .frm files MySQL automatically removed, but the table still exists in the InnoDB internal data dictionary.
InnoDB: Please refer to
InnoDB: http://dev.mysql.com/doc/refman/5.6/en/innodb-troubleshooting-datadict.html
InnoDB: for how to resolve the issue.
2024-05-23 23:17:27 2552 [ERROR] InnoDB: Table dsm_cadastro/tb_cadastro in the InnoDB data dictionary has tablespace id 21, but tablespace with that id or name does not exist. Have you deleted or moved .ibd files? This may also be a table created with CREATE TEMPORARY TABLE whose .ibd and .frm files MySQL automatically removed, but the table still exists in the InnoDB internal data dictionary.
InnoDB: Please refer to
InnoDB: http://dev.mysql.com/doc/refman/5.6/en/innodb-troubleshooting-datadict.html
InnoDB: for how to resolve the issue.
2024-05-23 23:17:27 2552 [ERROR] InnoDB: Table escola/alunos in the InnoDB data dictionary has tablespace id 15, but tablespace with that id or name does not exist. Have you deleted or moved .ibd files? This may also be a table created with CREATE TEMPORARY TABLE whose .ibd and .frm files MySQL automatically removed, but the table still exists in the InnoDB internal data dictionary.
InnoDB: Please refer to
InnoDB: http://dev.mysql.com/doc/refman/5.6/en/innodb-troubleshooting-datadict.html
InnoDB: for how to resolve the issue.
2024-05-23 23:17:27 2552 [ERROR] InnoDB: Table escola/funcionarios in the InnoDB data dictionary has tablespace id 16, but tablespace with that id or name does not exist. Have you deleted or moved .ibd files? This may also be a table created with CREATE TEMPORARY TABLE whose .ibd and .frm files MySQL automatically removed, but the table still exists in the InnoDB internal data dictionary.
InnoDB: Please refer to
InnoDB: http://dev.mysql.com/doc/refman/5.6/en/innodb-troubleshooting-datadict.html
InnoDB: for how to resolve the issue.
2024-05-23 23:17:27 2552 [ERROR] InnoDB: Table folha_pagto/tb_funcionarios in the InnoDB data dictionary has tablespace id 30, but tablespace with that id or name does not exist. Have you deleted or moved .ibd files? This may also be a table created with CREATE TEMPORARY TABLE whose .ibd and .frm files MySQL automatically removed, but the table still exists in the InnoDB internal data dictionary.
InnoDB: Please refer to
InnoDB: http://dev.mysql.com/doc/refman/5.6/en/innodb-troubleshooting-datadict.html
InnoDB: for how to resolve the issue.
2024-05-23 23:17:27 2552 [ERROR] InnoDB: Table israel/tb_israel in the InnoDB data dictionary has tablespace id 22, but tablespace with that id or name does not exist. Have you deleted or moved .ibd files? This may also be a table created with CREATE TEMPORARY TABLE whose .ibd and .frm files MySQL automatically removed, but the table still exists in the InnoDB internal data dictionary.
InnoDB: Please refer to
InnoDB: http://dev.mysql.com/doc/refman/5.6/en/innodb-troubleshooting-datadict.html
InnoDB: for how to resolve the issue.
2024-05-23 23:17:27 2552 [Note] InnoDB: 128 rollback segment(s) are active.
2024-05-23 23:17:27 2552 [Note] InnoDB: Waiting for purge to start
2024-05-23 23:17:27 2552 [ERROR] InnoDB: Failed to find tablespace for table '"folha_pagto"."tb_funcionarios"' in the cache. Attempting to load the tablespace with space id 30.
2024-05-23 23:17:27 31d8  InnoDB: Operating system error number 3 in a file operation.
InnoDB: The error means the system cannot find the path specified.
2024-05-23 23:17:27 2552 [ERROR] InnoDB: Could not find a valid tablespace file for 'folha_pagto/tb_funcionarios'. See http://dev.mysql.com/doc/refman/5.6/en/innodb-troubleshooting-datadict.html for how to resolve the issue.
2024-05-23 23:17:27 2552 [ERROR] InnoDB: Failed to find tablespace for table '"cadastro_dsm"."tb_login"' in the cache. Attempting to load the tablespace with space id 19.
2024-05-23 23:17:27 31d8  InnoDB: Operating system error number 3 in a file operation.
InnoDB: The error means the system cannot find the path specified.
2024-05-23 23:17:27 2552 [ERROR] InnoDB: Could not find a valid tablespace file for 'cadastro_dsm/tb_login'. See http://dev.mysql.com/doc/refman/5.6/en/innodb-troubleshooting-datadict.html for how to resolve the issue.
2024-05-23 23:17:27 2552 [ERROR] InnoDB: Failed to find tablespace for table '"cadastro_adsva4"."tb_cadastro"' in the cache. Attempting to load the tablespace with space id 17.
2024-05-23 23:17:27 2552 [Note] InnoDB: 5.6.13 started; log sequence number 2229736
2024-05-23 23:17:27 31d8  InnoDB: Operating system error number 3 in a file operation.
InnoDB: The error means the system cannot find the path specified.
2024-05-23 23:17:27 2552 [ERROR] InnoDB: Could not find a valid tablespace file for 'cadastro_adsva4/tb_cadastro'. See http://dev.mysql.com/doc/refman/5.6/en/innodb-troubleshooting-datadict.html for how to resolve the issue.
2024-05-23 23:17:27 2552 [Note] Server hostname (bind-address): '*'; port: 3307
2024-05-23 23:17:27 2552 [Note] IPv6 is available.
2024-05-23 23:17:27 2552 [Note]   - '::' resolves to '::';
2024-05-23 23:17:27 2552 [Note] Server socket created on IP: '::'.
2024-05-27 09:41:46 1196 [Note] Plugin 'FEDERATED' is disabled.
2024-05-27 09:41:46 1196 [Note] InnoDB: The InnoDB memory heap is disabled
2024-05-27 09:41:46 1196 [Note] InnoDB: Mutexes and rw_locks use Windows interlocked functions
2024-05-27 09:41:46 1196 [Note] InnoDB: Compressed tables use zlib 1.2.3
2024-05-27 09:41:46 1196 [Note] InnoDB: Not using CPU crc32 instructions
2024-05-27 09:41:46 1196 [Note] InnoDB: Initializing buffer pool, size = 128.0M
2024-05-27 09:41:46 1196 [Note] InnoDB: Completed initialization of buffer pool
2024-05-27 09:41:46 1196 [Note] InnoDB: Highest supported file format is Barracuda.
2024-05-27 09:41:46 1196 [Note] InnoDB: The log sequence numbers 1626134 and 1626134 in ibdata files do not match the log sequence number 2229746 in the ib_logfiles!
2024-05-27 09:41:46 1196 [Note] InnoDB: Database was not shutdown normally!
2024-05-27 09:41:46 1196 [Note] InnoDB: Starting crash recovery.
2024-05-27 09:41:46 1196 [Note] InnoDB: Reading tablespace information from the .ibd files...
2024-05-27 09:41:47 1196 [Note] InnoDB: Restoring possible half-written data pages 
2024-05-27 09:41:47 1196 [Note] InnoDB: from the doublewrite buffer...
2024-05-27 09:41:48 1196 [ERROR] InnoDB: Table aula1/alunos in the InnoDB data dictionary has tablespace id 10, but tablespace with that id or name does not exist. Have you deleted or moved .ibd files? This may also be a table created with CREATE TEMPORARY TABLE whose .ibd and .frm files MySQL automatically removed, but the table still exists in the InnoDB internal data dictionary.
InnoDB: Please refer to
InnoDB: http://dev.mysql.com/doc/refman/5.6/en/innodb-troubleshooting-datadict.html
InnoDB: for how to resolve the issue.
2024-05-27 09:41:48 1196 [ERROR] InnoDB: Table cadastro_2dsm/tb_cadastro in the InnoDB data dictionary has tablespace id 20, but tablespace with that id or name does not exist. Have you deleted or moved .ibd files? This may also be a table created with CREATE TEMPORARY TABLE whose .ibd and .frm files MySQL automatically removed, but the table still exists in the InnoDB internal data dictionary.
InnoDB: Please refer to
InnoDB: http://dev.mysql.com/doc/refman/5.6/en/innodb-troubleshooting-datadict.html
InnoDB: for how to resolve the issue.
2024-05-27 09:41:48 1196 [ERROR] InnoDB: Table cadastro_adsva4/tb_cadastro in the InnoDB data dictionary has tablespace id 17, but tablespace with that id or name does not exist. Have you deleted or moved .ibd files? This may also be a table created with CREATE TEMPORARY TABLE whose .ibd and .frm files MySQL automatically removed, but the table still exists in the InnoDB internal data dictionary.
InnoDB: Please refer to
InnoDB: http://dev.mysql.com/doc/refman/5.6/en/innodb-troubleshooting-datadict.html
InnoDB: for how to resolve the issue.
2024-05-27 09:41:48 1196 [ERROR] InnoDB: Table cadastro_dsm/tb_login in the InnoDB data dictionary has tablespace id 19, but tablespace with that id or name does not exist. Have you deleted or moved .ibd files? This may also be a table created with CREATE TEMPORARY TABLE whose .ibd and .frm files MySQL automatically removed, but the table still exists in the InnoDB internal data dictionary.
InnoDB: Please refer to
InnoDB: http://dev.mysql.com/doc/refman/5.6/en/innodb-troubleshooting-datadict.html
InnoDB: for how to resolve the issue.
2024-05-27 09:41:48 1196 [ERROR] InnoDB: Table cliente/fornecedor in the InnoDB data dictionary has tablespace id 8, but tablespace with that id or name does not exist. Have you deleted or moved .ibd files? This may also be a table created with CREATE TEMPORARY TABLE whose .ibd and .frm files MySQL automatically removed, but the table still exists in the InnoDB internal data dictionary.
InnoDB: Please refer to
InnoDB: http://dev.mysql.com/doc/refman/5.6/en/innodb-troubleshooting-datadict.html
InnoDB: for how to resolve the issue.
2024-05-27 09:41:48 1196 [ERROR] InnoDB: Table cliente/funcionario in the InnoDB data dictionary has tablespace id 13, but tablespace with that id or name does not exist. Have you deleted or moved .ibd files? This may also be a table created with CREATE TEMPORARY TABLE whose .ibd and .frm files MySQL automatically removed, but the table still exists in the InnoDB internal data dictionary.
InnoDB: Please refer to
InnoDB: http://dev.mysql.com/doc/refman/5.6/en/innodb-troubleshooting-datadict.html
InnoDB: for how to resolve the issue.
2024-05-27 09:41:48 1196 [ERROR] InnoDB: Table cliente/produto in the InnoDB data dictionary has tablespace id 12, but tablespace with that id or name does not exist. Have you deleted or moved .ibd files? This may also be a table created with CREATE TEMPORARY TABLE whose .ibd and .frm files MySQL automatically removed, but the table still exists in the InnoDB internal data dictionary.
InnoDB: Please refer to
InnoDB: http://dev.mysql.com/doc/refman/5.6/en/innodb-troubleshooting-datadict.html
InnoDB: for how to resolve the issue.
2024-05-27 09:41:48 1196 [ERROR] InnoDB: Table cliente/vendas in the InnoDB data dictionary has tablespace id 11, but tablespace with that id or name does not exist. Have you deleted or moved .ibd files? This may also be a table created with CREATE TEMPORARY TABLE whose .ibd and .frm files MySQL automatically removed, but the table still exists in the InnoDB internal data dictionary.
InnoDB: Please refer to
InnoDB: http://dev.mysql.com/doc/refman/5.6/en/innodb-troubleshooting-datadict.html
InnoDB: for how to resolve the issue.
2024-05-27 09:41:48 1196 [ERROR] InnoDB: Table cliente1/alunos in the InnoDB data dictionary has tablespace id 14, but tablespace with that id or name does not exist. Have you deleted or moved .ibd files? This may also be a table created with CREATE TEMPORARY TABLE whose .ibd and .frm files MySQL automatically removed, but the table still exists in the InnoDB internal data dictionary.
InnoDB: Please refer to
InnoDB: http://dev.mysql.com/doc/refman/5.6/en/innodb-troubleshooting-datadict.html
InnoDB: for how to resolve the issue.
2024-05-27 09:41:48 1196 [ERROR] InnoDB: Table dsm_cadastro/tb_cadastro in the InnoDB data dictionary has tablespace id 21, but tablespace with that id or name does not exist. Have you deleted or moved .ibd files? This may also be a table created with CREATE TEMPORARY TABLE whose .ibd and .frm files MySQL automatically removed, but the table still exists in the InnoDB internal data dictionary.
InnoDB: Please refer to
InnoDB: http://dev.mysql.com/doc/refman/5.6/en/innodb-troubleshooting-datadict.html
InnoDB: for how to resolve the issue.
2024-05-27 09:41:48 1196 [ERROR] InnoDB: Table escola/alunos in the InnoDB data dictionary has tablespace id 15, but tablespace with that id or name does not exist. Have you deleted or moved .ibd files? This may also be a table created with CREATE TEMPORARY TABLE whose .ibd and .frm files MySQL automatically removed, but the table still exists in the InnoDB internal data dictionary.
InnoDB: Please refer to
InnoDB: http://dev.mysql.com/doc/refman/5.6/en/innodb-troubleshooting-datadict.html
InnoDB: for how to resolve the issue.
2024-05-27 09:41:48 1196 [ERROR] InnoDB: Table escola/funcionarios in the InnoDB data dictionary has tablespace id 16, but tablespace with that id or name does not exist. Have you deleted or moved .ibd files? This may also be a table created with CREATE TEMPORARY TABLE whose .ibd and .frm files MySQL automatically removed, but the table still exists in the InnoDB internal data dictionary.
InnoDB: Please refer to
InnoDB: http://dev.mysql.com/doc/refman/5.6/en/innodb-troubleshooting-datadict.html
InnoDB: for how to resolve the issue.
2024-05-27 09:41:48 1196 [ERROR] InnoDB: Table folha_pagto/tb_funcionarios in the InnoDB data dictionary has tablespace id 30, but tablespace with that id or name does not exist. Have you deleted or moved .ibd files? This may also be a table created with CREATE TEMPORARY TABLE whose .ibd and .frm files MySQL automatically removed, but the table still exists in the InnoDB internal data dictionary.
InnoDB: Please refer to
InnoDB: http://dev.mysql.com/doc/refman/5.6/en/innodb-troubleshooting-datadict.html
InnoDB: for how to resolve the issue.
2024-05-27 09:41:48 1196 [ERROR] InnoDB: Table israel/tb_israel in the InnoDB data dictionary has tablespace id 22, but tablespace with that id or name does not exist. Have you deleted or moved .ibd files? This may also be a table created with CREATE TEMPORARY TABLE whose .ibd and .frm files MySQL automatically removed, but the table still exists in the InnoDB internal data dictionary.
InnoDB: Please refer to
InnoDB: http://dev.mysql.com/doc/refman/5.6/en/innodb-troubleshooting-datadict.html
InnoDB: for how to resolve the issue.
2024-05-27 09:41:48 1196 [Note] InnoDB: 128 rollback segment(s) are active.
2024-05-27 09:41:48 1196 [Note] InnoDB: Waiting for purge to start
2024-05-27 09:41:48 1196 [Note] InnoDB: 5.6.13 started; log sequence number 2229746
2024-05-27 09:41:48 1196 [ERROR] InnoDB: Failed to find tablespace for table '"folha_pagto"."tb_funcionarios"' in the cache. Attempting to load the tablespace with space id 30.
2024-05-27 09:41:48 2ef4  InnoDB: Operating system error number 3 in a file operation.
InnoDB: The error means the system cannot find the path specified.
2024-05-27 09:41:48 1196 [ERROR] InnoDB: Could not find a valid tablespace file for 'folha_pagto/tb_funcionarios'. See http://dev.mysql.com/doc/refman/5.6/en/innodb-troubleshooting-datadict.html for how to resolve the issue.
2024-05-27 09:41:48 1196 [ERROR] InnoDB: Failed to find tablespace for table '"cadastro_dsm"."tb_login"' in the cache. Attempting to load the tablespace with space id 19.
2024-05-27 09:41:48 1196 [Note] Server hostname (bind-address): '*'; port: 3307
2024-05-27 09:41:48 2ef4  InnoDB: Operating system error number 3 in a file operation.
InnoDB: The error means the system cannot find the path specified.
2024-05-27 09:41:48 1196 [Note] IPv6 is available.
2024-05-27 09:41:48 1196 [ERROR] InnoDB: Could not find a valid tablespace file for 'cadastro_dsm/tb_login'. See http://dev.mysql.com/doc/refman/5.6/en/innodb-troubleshooting-datadict.html for how to resolve the issue.
2024-05-27 09:41:48 1196 [Note]   - '::' resolves to '::';
2024-05-27 09:41:48 1196 [ERROR] InnoDB: Failed to find tablespace for table '"cadastro_adsva4"."tb_cadastro"' in the cache. Attempting to load the tablespace with space id 17.
2024-05-27 09:41:48 1196 [Note] Server socket created on IP: '::'.
2024-05-27 09:41:48 2ef4  InnoDB: Operating system error number 3 in a file operation.
InnoDB: The error means the system cannot find the path specified.
2024-05-27 09:41:48 1196 [ERROR] InnoDB: Could not find a valid tablespace file for 'cadastro_adsva4/tb_cadastro'. See http://dev.mysql.com/doc/refman/5.6/en/innodb-troubleshooting-datadict.html for how to resolve the issue.
2024-06-17 16:36:45 12200 [Note] Plugin 'FEDERATED' is disabled.
2024-06-17 16:36:45 12200 [Note] InnoDB: The InnoDB memory heap is disabled
2024-06-17 16:36:45 12200 [Note] InnoDB: Mutexes and rw_locks use Windows interlocked functions
2024-06-17 16:36:45 12200 [Note] InnoDB: Compressed tables use zlib 1.2.3
2024-06-17 16:36:45 12200 [Note] InnoDB: Not using CPU crc32 instructions
2024-06-17 16:36:45 12200 [Note] InnoDB: Initializing buffer pool, size = 128.0M
2024-06-17 16:36:45 12200 [Note] InnoDB: Completed initialization of buffer pool
2024-06-17 16:36:46 12200 [Note] InnoDB: Highest supported file format is Barracuda.
2024-06-17 16:36:46 12200 [Note] InnoDB: The log sequence numbers 1626134 and 1626134 in ibdata files do not match the log sequence number 2379050 in the ib_logfiles!
2024-06-17 16:36:46 12200 [Note] InnoDB: Database was not shutdown normally!
2024-06-17 16:36:46 12200 [Note] InnoDB: Starting crash recovery.
2024-06-17 16:36:46 12200 [Note] InnoDB: Reading tablespace information from the .ibd files...
2024-06-17 16:36:46 12200 [Note] InnoDB: Restoring possible half-written data pages 
2024-06-17 16:36:46 12200 [Note] InnoDB: from the doublewrite buffer...
2024-06-17 16:36:47 12200 [ERROR] InnoDB: Table aula1/alunos in the InnoDB data dictionary has tablespace id 10, but tablespace with that id or name does not exist. Have you deleted or moved .ibd files? This may also be a table created with CREATE TEMPORARY TABLE whose .ibd and .frm files MySQL automatically removed, but the table still exists in the InnoDB internal data dictionary.
InnoDB: Please refer to
InnoDB: http://dev.mysql.com/doc/refman/5.6/en/innodb-troubleshooting-datadict.html
InnoDB: for how to resolve the issue.
2024-06-17 16:36:47 12200 [ERROR] InnoDB: Table cadastro_2dsm/tb_cadastro in the InnoDB data dictionary has tablespace id 20, but tablespace with that id or name does not exist. Have you deleted or moved .ibd files? This may also be a table created with CREATE TEMPORARY TABLE whose .ibd and .frm files MySQL automatically removed, but the table still exists in the InnoDB internal data dictionary.
InnoDB: Please refer to
InnoDB: http://dev.mysql.com/doc/refman/5.6/en/innodb-troubleshooting-datadict.html
InnoDB: for how to resolve the issue.
2024-06-17 16:36:47 12200 [ERROR] InnoDB: Table cadastro_adsva4/tb_cadastro in the InnoDB data dictionary has tablespace id 17, but tablespace with that id or name does not exist. Have you deleted or moved .ibd files? This may also be a table created with CREATE TEMPORARY TABLE whose .ibd and .frm files MySQL automatically removed, but the table still exists in the InnoDB internal data dictionary.
InnoDB: Please refer to
InnoDB: http://dev.mysql.com/doc/refman/5.6/en/innodb-troubleshooting-datadict.html
InnoDB: for how to resolve the issue.
2024-06-17 16:36:47 12200 [ERROR] InnoDB: Table cadastro_dsm/tb_login in the InnoDB data dictionary has tablespace id 19, but tablespace with that id or name does not exist. Have you deleted or moved .ibd files? This may also be a table created with CREATE TEMPORARY TABLE whose .ibd and .frm files MySQL automatically removed, but the table still exists in the InnoDB internal data dictionary.
InnoDB: Please refer to
InnoDB: http://dev.mysql.com/doc/refman/5.6/en/innodb-troubleshooting-datadict.html
InnoDB: for how to resolve the issue.
2024-06-17 16:36:47 12200 [ERROR] InnoDB: Table cliente/fornecedor in the InnoDB data dictionary has tablespace id 8, but tablespace with that id or name does not exist. Have you deleted or moved .ibd files? This may also be a table created with CREATE TEMPORARY TABLE whose .ibd and .frm files MySQL automatically removed, but the table still exists in the InnoDB internal data dictionary.
InnoDB: Please refer to
InnoDB: http://dev.mysql.com/doc/refman/5.6/en/innodb-troubleshooting-datadict.html
InnoDB: for how to resolve the issue.
2024-06-17 16:36:47 12200 [ERROR] InnoDB: Table cliente/funcionario in the InnoDB data dictionary has tablespace id 13, but tablespace with that id or name does not exist. Have you deleted or moved .ibd files? This may also be a table created with CREATE TEMPORARY TABLE whose .ibd and .frm files MySQL automatically removed, but the table still exists in the InnoDB internal data dictionary.
InnoDB: Please refer to
InnoDB: http://dev.mysql.com/doc/refman/5.6/en/innodb-troubleshooting-datadict.html
InnoDB: for how to resolve the issue.
2024-06-17 16:36:47 12200 [ERROR] InnoDB: Table cliente/produto in the InnoDB data dictionary has tablespace id 12, but tablespace with that id or name does not exist. Have you deleted or moved .ibd files? This may also be a table created with CREATE TEMPORARY TABLE whose .ibd and .frm files MySQL automatically removed, but the table still exists in the InnoDB internal data dictionary.
InnoDB: Please refer to
InnoDB: http://dev.mysql.com/doc/refman/5.6/en/innodb-troubleshooting-datadict.html
InnoDB: for how to resolve the issue.
2024-06-17 16:36:47 12200 [ERROR] InnoDB: Table cliente/vendas in the InnoDB data dictionary has tablespace id 11, but tablespace with that id or name does not exist. Have you deleted or moved .ibd files? This may also be a table created with CREATE TEMPORARY TABLE whose .ibd and .frm files MySQL automatically removed, but the table still exists in the InnoDB internal data dictionary.
InnoDB: Please refer to
InnoDB: http://dev.mysql.com/doc/refman/5.6/en/innodb-troubleshooting-datadict.html
InnoDB: for how to resolve the issue.
2024-06-17 16:36:47 12200 [ERROR] InnoDB: Table cliente1/alunos in the InnoDB data dictionary has tablespace id 14, but tablespace with that id or name does not exist. Have you deleted or moved .ibd files? This may also be a table created with CREATE TEMPORARY TABLE whose .ibd and .frm files MySQL automatically removed, but the table still exists in the InnoDB internal data dictionary.
InnoDB: Please refer to
InnoDB: http://dev.mysql.com/doc/refman/5.6/en/innodb-troubleshooting-datadict.html
InnoDB: for how to resolve the issue.
2024-06-17 16:36:47 12200 [ERROR] InnoDB: Table dsm_cadastro/tb_cadastro in the InnoDB data dictionary has tablespace id 21, but tablespace with that id or name does not exist. Have you deleted or moved .ibd files? This may also be a table created with CREATE TEMPORARY TABLE whose .ibd and .frm files MySQL automatically removed, but the table still exists in the InnoDB internal data dictionary.
InnoDB: Please refer to
InnoDB: http://dev.mysql.com/doc/refman/5.6/en/innodb-troubleshooting-datadict.html
InnoDB: for how to resolve the issue.
2024-06-17 16:36:47 12200 [ERROR] InnoDB: Table escola/alunos in the InnoDB data dictionary has tablespace id 15, but tablespace with that id or name does not exist. Have you deleted or moved .ibd files? This may also be a table created with CREATE TEMPORARY TABLE whose .ibd and .frm files MySQL automatically removed, but the table still exists in the InnoDB internal data dictionary.
InnoDB: Please refer to
InnoDB: http://dev.mysql.com/doc/refman/5.6/en/innodb-troubleshooting-datadict.html
InnoDB: for how to resolve the issue.
2024-06-17 16:36:47 12200 [ERROR] InnoDB: Table escola/funcionarios in the InnoDB data dictionary has tablespace id 16, but tablespace with that id or name does not exist. Have you deleted or moved .ibd files? This may also be a table created with CREATE TEMPORARY TABLE whose .ibd and .frm files MySQL automatically removed, but the table still exists in the InnoDB internal data dictionary.
InnoDB: Please refer to
InnoDB: http://dev.mysql.com/doc/refman/5.6/en/innodb-troubleshooting-datadict.html
InnoDB: for how to resolve the issue.
2024-06-17 16:36:47 12200 [ERROR] InnoDB: Table folha_pagto/tb_funcionarios in the InnoDB data dictionary has tablespace id 30, but tablespace with that id or name does not exist. Have you deleted or moved .ibd files? This may also be a table created with CREATE TEMPORARY TABLE whose .ibd and .frm files MySQL automatically removed, but the table still exists in the InnoDB internal data dictionary.
InnoDB: Please refer to
InnoDB: http://dev.mysql.com/doc/refman/5.6/en/innodb-troubleshooting-datadict.html
InnoDB: for how to resolve the issue.
2024-06-17 16:36:47 12200 [ERROR] InnoDB: Table israel/tb_israel in the InnoDB data dictionary has tablespace id 22, but tablespace with that id or name does not exist. Have you deleted or moved .ibd files? This may also be a table created with CREATE TEMPORARY TABLE whose .ibd and .frm files MySQL automatically removed, but the table still exists in the InnoDB internal data dictionary.
InnoDB: Please refer to
InnoDB: http://dev.mysql.com/doc/refman/5.6/en/innodb-troubleshooting-datadict.html
InnoDB: for how to resolve the issue.
2024-06-17 16:36:47 12200 [Note] InnoDB: 128 rollback segment(s) are active.
2024-06-17 16:36:47 12200 [Note] InnoDB: Waiting for purge to start
2024-06-17 16:36:47 12200 [ERROR] InnoDB: Failed to find tablespace for table '"folha_pagto"."tb_funcionarios"' in the cache. Attempting to load the tablespace with space id 30.
2024-06-17 16:36:47 36c8  InnoDB: Operating system error number 3 in a file operation.
InnoDB: The error means the system cannot find the path specified.
2024-06-17 16:36:47 12200 [ERROR] InnoDB: Could not find a valid tablespace file for 'folha_pagto/tb_funcionarios'. See http://dev.mysql.com/doc/refman/5.6/en/innodb-troubleshooting-datadict.html for how to resolve the issue.
2024-06-17 16:36:47 12200 [ERROR] InnoDB: Failed to find tablespace for table '"cadastro_dsm"."tb_login"' in the cache. Attempting to load the tablespace with space id 19.
2024-06-17 16:36:47 36c8  InnoDB: Operating system error number 3 in a file operation.
InnoDB: The error means the system cannot find the path specified.
2024-06-17 16:36:47 12200 [ERROR] InnoDB: Could not find a valid tablespace file for 'cadastro_dsm/tb_login'. See http://dev.mysql.com/doc/refman/5.6/en/innodb-troubleshooting-datadict.html for how to resolve the issue.
2024-06-17 16:36:47 12200 [ERROR] InnoDB: Failed to find tablespace for table '"cadastro_adsva4"."tb_cadastro"' in the cache. Attempting to load the tablespace with space id 17.
2024-06-17 16:36:47 36c8  InnoDB: Operating system error number 3 in a file operation.
InnoDB: The error means the system cannot find the path specified.
2024-06-17 16:36:47 12200 [ERROR] InnoDB: Could not find a valid tablespace file for 'cadastro_adsva4/tb_cadastro'. See http://dev.mysql.com/doc/refman/5.6/en/innodb-troubleshooting-datadict.html for how to resolve the issue.
2024-06-17 16:36:47 12200 [Note] InnoDB: 5.6.13 started; log sequence number 2379050
2024-06-17 16:36:47 12200 [Note] Server hostname (bind-address): '*'; port: 3307
2024-06-17 16:36:47 12200 [Note] IPv6 is available.
2024-06-17 16:36:47 12200 [Note]   - '::' resolves to '::';
2024-06-17 16:36:47 12200 [Note] Server socket created on IP: '::'.
